C:\USERS\ACER\DESKTOP\挑战杯\WINDOWSAPI\DEMO\DEMO\DEBUG\DEMO.OBJ
C:\USERS\ACER\DESKTOP\挑战杯\WINDOWSAPI\DEMO\DEMO\DEBUG\MAIN.OBJ
C:\USERS\ACER\DESKTOP\挑战杯\WINDOWSAPI\DEMO\DEMO\DEBUG\TASKBAR.OBJ
C:\USERS\ACER\DESKTOP\挑战杯\WINDOWSAPI\DEMO\DEMO\DEBUG\VC110.PDB
C:\USERS\ACER\DESKTOP\挑战杯\WINDOWSAPI\DEMO\DEBUG\DEMO.ILK
C:\USERS\ACER\DESKTOP\挑战杯\WINDOWSAPI\DEMO\DEBUG\DEMO.EXE
C:\USERS\ACER\DESKTOP\挑战杯\WINDOWSAPI\DEMO\DEBUG\DEMO.PDB
C:\USERS\ACER\DESKTOP\挑战杯\WINDOWSAPI\DEMO\DEMO\DEBUG\DEMO.RES
C:\Users\acer\Desktop\挑战杯\windowsAPI\Demo\Demo\Debug\Demo.obj
C:\Users\acer\Desktop\挑战杯\windowsAPI\Demo\Demo\Debug\main.obj
C:\Users\acer\Desktop\挑战杯\windowsAPI\Demo\Demo\Debug\TaskBar.obj
C:\Users\acer\Desktop\挑战杯\windowsAPI\Demo\Demo\Debug\cl.command.1.tlog
C:\Users\acer\Desktop\挑战杯\windowsAPI\Demo\Demo\Debug\CL.read.1.tlog
C:\Users\acer\Desktop\挑战杯\windowsAPI\Demo\Demo\Debug\CL.write.1.tlog
C:\Users\acer\Desktop\挑战杯\windowsAPI\Demo\Demo\Debug\link-cvtres.read.1.tlog
C:\Users\acer\Desktop\挑战杯\windowsAPI\Demo\Demo\Debug\link-cvtres.write.1.tlog
C:\Users\acer\Desktop\挑战杯\windowsAPI\Demo\Demo\Debug\link-rc.read.1.tlog
C:\Users\acer\Desktop\挑战杯\windowsAPI\Demo\Demo\Debug\link-rc.write.1.tlog
C:\Users\acer\Desktop\挑战杯\windowsAPI\Demo\Demo\Debug\link.6200-cvtres.read.1.tlog
C:\Users\acer\Desktop\挑战杯\windowsAPI\Demo\Demo\Debug\link.6200-cvtres.write.1.tlog
C:\Users\acer\Desktop\挑战杯\windowsAPI\Demo\Demo\Debug\link.6200-rc.read.1.tlog
C:\Users\acer\Desktop\挑战杯\windowsAPI\Demo\Demo\Debug\link.6200-rc.write.1.tlog
C:\Users\acer\Desktop\挑战杯\windowsAPI\Demo\Demo\Debug\link.6200.read.1.tlog
C:\Users\acer\Desktop\挑战杯\windowsAPI\Demo\Demo\Debug\link.6200.write.1.tlog
C:\Users\acer\Desktop\挑战杯\windowsAPI\Demo\Demo\Debug\link.7868-cvtres.read.1.tlog
C:\Users\acer\Desktop\挑战杯\windowsAPI\Demo\Demo\Debug\link.7868-cvtres.write.1.tlog
C:\Users\acer\Desktop\挑战杯\windowsAPI\Demo\Demo\Debug\link.7868-rc.read.1.tlog
C:\Users\acer\Desktop\挑战杯\windowsAPI\Demo\Demo\Debug\link.7868-rc.write.1.tlog
C:\Users\acer\Desktop\挑战杯\windowsAPI\Demo\Demo\Debug\link.7868.read.1.tlog
C:\Users\acer\Desktop\挑战杯\windowsAPI\Demo\Demo\Debug\link.7868.write.1.tlog
C:\Users\acer\Desktop\挑战杯\windowsAPI\Demo\Demo\Debug\link.command.1.tlog
C:\Users\acer\Desktop\挑战杯\windowsAPI\Demo\Demo\Debug\link.read.1.tlog
C:\Users\acer\Desktop\挑战杯\windowsAPI\Demo\Demo\Debug\link.write.1.tlog
C:\Users\acer\Desktop\挑战杯\windowsAPI\Demo\Demo\Debug\rc.command.1.tlog
C:\Users\acer\Desktop\挑战杯\windowsAPI\Demo\Demo\Debug\rc.read.1.tlog
C:\Users\acer\Desktop\挑战杯\windowsAPI\Demo\Demo\Debug\rc.write.1.tlog
C:\Users\acer\Desktop\挑战杯\windowsAPI\Demo\Demo\Debug\Demo.res
C:\Users\acer\Desktop\挑战杯\windowsAPI\Demo\Demo\Debug\vc110.idb
C:\Users\acer\Desktop\挑战杯\windowsAPI\Demo\Demo\Debug\vc110.pdb
C:\Users\acer\Desktop\挑战杯\windowsAPI\Demo\Debug\Demo.pdb
C:\Users\acer\Desktop\挑战杯\windowsAPI\Demo\Debug\Demo.ilk
