生成启动时间为 2013/3/18 21:56:20。
     1>项目“C:\Users\acer\Desktop\挑战杯\windowsAPI\Demo\Demo\Demo.vcxproj”在节点 2 上(Build 个目标)。
     1>InitializeBuildStatus:
         正在创建“Debug\Demo.unsuccessfulbuild”，因为已指定“AlwaysCreate”。
       ClCompile:
         所有输出均为最新。
       ResourceCompile:
         所有输出均为最新。
       Link:
         D:\Program Files (x86)\Microsoft Visual Studio 11.0\VC\bin\link.exe /ERRORREPORT:PROMPT /OUT:"C:\Users\acer\Desktop\挑战杯\windowsAPI\Demo\Debug\Demo.exe" /INCREMENTAL /NOLOGO kernel32.lib user32.lib gdi32.lib winspool.lib comdlg32.lib advapi32.lib shell32.lib ole32.lib oleaut32.lib uuid.lib odbc32.lib odbccp32.lib /MANIFEST /MANIFESTUAC:"level='asInvoker' uiAccess='false'" /manifest:embed /DEBUG /PDB:"C:\Users\acer\Desktop\挑战杯\windowsAPI\Demo\Debug\Demo.pdb" /SUBSYSTEM:WINDOWS /TLBID:1 /DYNAMICBASE /NXCOMPAT /IMPLIB:"C:\Users\acer\Desktop\挑战杯\windowsAPI\Demo\Debug\Demo.lib" /MACHINE:X86 Debug\Demo.res
         Debug\Demo.obj
         Debug\main.obj
         Debug\TaskBar.obj
         LINK : 没有找到 C:\Users\acer\Desktop\挑战杯\windowsAPI\Demo\Debug\Demo.exe 或上一个增量链接没有生成它；正在执行完全链接
         Demo.vcxproj -> C:\Users\acer\Desktop\挑战杯\windowsAPI\Demo\Debug\Demo.exe
       FinalizeBuildStatus:
         正在删除文件“Debug\Demo.unsuccessfulbuild”。
         正在对“Debug\Demo.lastbuildstate”执行 Touch 任务。
     1>已完成生成项目“C:\Users\acer\Desktop\挑战杯\windowsAPI\Demo\Demo\Demo.vcxproj”(Build 个目标)的操作。

生成成功。

已用时间 00:00:03.57
